0 info it worked if it ends with ok
1 verbose cli [ 'C:\\Program Files\\nodejs\\node.exe',
1 verbose cli   'C:\\Users\\Mishal\\AppData\\Roaming\\npm\\node_modules\\npm\\bin\\npm-cli.js',
1 verbose cli   'start' ]
2 info using npm@3.10.6
3 info using node@v10.1.0
4 verbose run-script [ 'prestart', 'start', 'poststart' ]
5 info lifecycle design-system@1.0.0~prestart: design-system@1.0.0
6 silly lifecycle design-system@1.0.0~prestart: no script for prestart, continuing
7 info lifecycle design-system@1.0.0~start: design-system@1.0.0
8 verbose lifecycle design-system@1.0.0~start: unsafe-perm in lifecycle true
9 verbose lifecycle design-system@1.0.0~start: PATH: C:\Users\Mishal\AppData\Roaming\npm\node_modules\npm\bin\node-gyp-bin;D:\wamp64\www\design-system\node_modules\.bin;C:\Program Files\Git\mingw64\bin;C:\Program Files\Git\usr\bin;C:\Users\Mishal\bin;C:\Users\Mishal\bin;C:\Program Files\Git\mingw64\bin;C:\Program Files\Git\usr\local\bin;C:\Program Files\Git\usr\bin;C:\Program Files\Git\usr\bin;C:\Program Files\Git\mingw64\bin;C:\Program Files\Git\usr\bin;C:\Users\Mishal\bin;C:\Python27;C:\Python27\Scripts;C:\ProgramData\Oracle\Java\javapath;C:\WINDOWS\system32;C:\WINDOWS;C:\WINDOWS\System32\Wbem;C:\WINDOWS\System32\WindowsPowerShell\v1.0;C:\Program Files\Microsoft SQL Server\130\Tools\Binn;C:\Program Files\dotnet;D:\wamp\bin\php\php5.5.12;C:\ProgramData\ComposerSetup\bin;C:\ProgramData\chocolatey\bin;C:\Program Files\Java\jdk1.8.0_172\bin;C:\WINDOWS\System32\OpenSSH;C:\Users\Mishal\AppData\Roaming\nvm;C:\Program Files\nodejs;C:\Program Files\Microsoft VS Code\bin;C:\Program Files (x86)\Yarn\bin;C:\Ruby25-x64\bin;C:\Users\Mishal\AppData\Local\atom\bin;C:\Users\Mishal\AppData\Roaming\Composer\vendor\bin;C:\Users\Mishal\AppData\Local\Microsoft\WindowsApps;C:\Program Files\Microsoft VS Code\bin;C:\Users\Mishal\AppData\Roaming\npm;C:\Users\Mishal\AppData\Roaming\nvm;C:\Program Files\nodejs;C:\wp-cli;C:\Users\Mishal\AppData\Local\Yarn\bin;C:\Program Files\Git\usr\bin\vendor_perl;C:\Program Files\Git\usr\bin\core_perl
10 verbose lifecycle design-system@1.0.0~start: CWD: D:\wamp64\www\design-system
11 silly lifecycle design-system@1.0.0~start: Args: [ '/d /s /c', 'webpack --progress --watch --mode=development' ]
12 silly lifecycle design-system@1.0.0~start: Returned: code: 1  signal: null
13 info lifecycle design-system@1.0.0~start: Failed to exec start script
14 verbose stack Error: design-system@1.0.0 start: `webpack --progress --watch --mode=development`
14 verbose stack Exit status 1
14 verbose stack     at EventEmitter.<anonymous> (C:\Users\Mishal\AppData\Roaming\npm\node_modules\npm\lib\utils\lifecycle.js:255:16)
14 verbose stack     at EventEmitter.emit (events.js:182:13)
14 verbose stack     at ChildProcess.<anonymous> (C:\Users\Mishal\AppData\Roaming\npm\node_modules\npm\lib\utils\spawn.js:40:14)
14 verbose stack     at ChildProcess.emit (events.js:182:13)
14 verbose stack     at maybeClose (internal/child_process.js:957:16)
14 verbose stack     at Process.ChildProcess._handle.onexit (internal/child_process.js:246:5)
15 verbose pkgid design-system@1.0.0
16 verbose cwd D:\wamp64\www\design-system
17 error Windows_NT 10.0.17134
18 error argv "C:\\Program Files\\nodejs\\node.exe" "C:\\Users\\Mishal\\AppData\\Roaming\\npm\\node_modules\\npm\\bin\\npm-cli.js" "start"
19 error node v10.1.0
20 error npm  v3.10.6
21 error code ELIFECYCLE
22 error design-system@1.0.0 start: `webpack --progress --watch --mode=development`
22 error Exit status 1
23 error Failed at the design-system@1.0.0 start script 'webpack --progress --watch --mode=development'.
23 error Make sure you have the latest version of node.js and npm installed.
23 error If you do, this is most likely a problem with the design-system package,
23 error not with npm itself.
23 error Tell the author that this fails on your system:
23 error     webpack --progress --watch --mode=development
23 error You can get information on how to open an issue for this project with:
23 error     npm bugs design-system
23 error Or if that isn't available, you can get their info via:
23 error     npm owner ls design-system
23 error There is likely additional logging output above.
24 verbose exit [ 1, true ]
